{"D:\\Study\\Testing\\laba7\\src\\triangleDeterminer.test.js":{"path":"D:\\Study\\Testing\\laba7\\src\\triangleDeterminer.test.js","s":{"1":1,"2":0,"3":0,"4":0,"5":0,"6":0,"7":0,"8":0,"9":0,"10":0,"11":0,"12":0,"13":0,"14":0,"15":0,"16":0,"17":0,"18":0,"19":0,"20":0,"21":0,"22":0,"23":0,"24":0,"25":0},"b":{},"f":{"1":0,"2":0,"3":0,"4":0,"5":0,"6":0,"7":0,"8":0,"9":0,"10":0,"11":0,"12":0,"13":0},"fnMap":{"1":{"name":"(anonymous_1)","line":5,"loc":{"start":{"line":5,"column":32},"end":{"line":5,"column":44}}},"2":{"name":"(anonymous_2)","line":7,"loc":{"start":{"line":7,"column":30},"end":{"line":7,"column":42}}},"3":{"name":"(anonymous_3)","line":8,"loc":{"start":{"line":8,"column":67},"end":{"line":8,"column":79}}},"4":{"name":"(anonymous_4)","line":12,"loc":{"start":{"line":12,"column":69},"end":{"line":12,"column":81}}},"5":{"name":"(anonymous_5)","line":16,"loc":{"start":{"line":16,"column":69},"end":{"line":16,"column":81}}},"6":{"name":"(anonymous_6)","line":22,"loc":{"start":{"line":22,"column":32},"end":{"line":22,"column":44}}},"7":{"name":"(anonymous_7)","line":23,"loc":{"start":{"line":23,"column":48},"end":{"line":23,"column":60}}},"8":{"name":"(anonymous_8)","line":27,"loc":{"start":{"line":27,"column":48},"end":{"line":27,"column":60}}},"9":{"name":"(anonymous_9)","line":31,"loc":{"start":{"line":31,"column":48},"end":{"line":31,"column":60}}},"10":{"name":"(anonymous_10)","line":37,"loc":{"start":{"line":37,"column":25},"end":{"line":37,"column":37}}},"11":{"name":"(anonymous_11)","line":38,"loc":{"start":{"line":38,"column":55},"end":{"line":38,"column":67}}},"12":{"name":"(anonymous_12)","line":42,"loc":{"start":{"line":42,"column":50},"end":{"line":42,"column":62}}},"13":{"name":"(anonymous_13)","line":46,"loc":{"start":{"line":46,"column":49},"end":{"line":46,"column":61}}}},"statementMap":{"1":{"start":{"line":1,"column":0},"end":{"line":1,"column":29}},"2":{"start":{"line":2,"column":0},"end":{"line":2,"column":27}},"3":{"start":{"line":3,"column":0},"end":{"line":3,"column":56}},"4":{"start":{"line":5,"column":0},"end":{"line":50,"column":3}},"5":{"start":{"line":7,"column":2},"end":{"line":19,"column":5}},"6":{"start":{"line":8,"column":4},"end":{"line":10,"column":7}},"7":{"start":{"line":9,"column":6},"end":{"line":9,"column":45}},"8":{"start":{"line":12,"column":4},"end":{"line":14,"column":7}},"9":{"start":{"line":13,"column":6},"end":{"line":13,"column":47}},"10":{"start":{"line":16,"column":4},"end":{"line":18,"column":7}},"11":{"start":{"line":17,"column":6},"end":{"line":17,"column":47}},"12":{"start":{"line":22,"column":2},"end":{"line":34,"column":5}},"13":{"start":{"line":23,"column":4},"end":{"line":25,"column":7}},"14":{"start":{"line":24,"column":6},"end":{"line":24,"column":46}},"15":{"start":{"line":27,"column":4},"end":{"line":29,"column":7}},"16":{"start":{"line":28,"column":6},"end":{"line":28,"column":46}},"17":{"start":{"line":31,"column":4},"end":{"line":33,"column":7}},"18":{"start":{"line":32,"column":6},"end":{"line":32,"column":46}},"19":{"start":{"line":37,"column":2},"end":{"line":49,"column":5}},"20":{"start":{"line":38,"column":4},"end":{"line":40,"column":7}},"21":{"start":{"line":39,"column":6},"end":{"line":39,"column":53}},"22":{"start":{"line":42,"column":4},"end":{"line":44,"column":7}},"23":{"start":{"line":43,"column":6},"end":{"line":43,"column":48}},"24":{"start":{"line":46,"column":4},"end":{"line":48,"column":7}},"25":{"start":{"line":47,"column":6},"end":{"line":47,"column":47}}},"branchMap":{}}}